FAIL ./bowling_game.test.js
  Bowling Game
    ✓ Should create game (3 ms)
    ✕ Should score 0 for a gutter game (3 ms)
    ✕ Should score 20 for all 1s
    ○ skipped Should score 16 for 1 spare

  ● Bowling Game › Should score 0 for a gutter game

    ReferenceError: games_score is not defined

      15 |     let i = 0;
      16 |     for (let frame=0; frame<10; frame++) {
    > 17 |       games_score += rolls[i++] + rolls[i++];
         |       ^
      18 |     }
      19 |     return game_score;
      20 |   };

      at Object.score (bowling_game.js:17:7)
      at Object.<anonymous> (bowling_game.test.js:27:17)

  ● Bowling Game › Should score 20 for all 1s

    ReferenceError: games_score is not defined

      15 |     let i = 0;
      16 |     for (let frame=0; frame<10; frame++) {
    > 17 |       games_score += rolls[i++] + rolls[i++];
         |       ^
      18 |     }
      19 |     return game_score;
      20 |   };

      at Object.score (bowling_game.js:17:7)
      at Object.<anonymous> (bowling_game.test.js:32:17)

Test Suites: 1 failed, 1 total
Tests:       2 failed, 1 skipped, 1 passed, 4 total
Snapshots:   0 total
Time:        1.472 s
Ran all test suites.
npm ERR! code ELIFECYCLE
npm ERR! errno 1
npm ERR! @ test: `jest --coverage`
npm ERR! Exit status 1
npm ERR! 
npm ERR! Failed at the @ test script.
npm ERR! This is probably not a problem with npm. There is likely additional logging output above.

npm ERR! A complete log of this run can be found in:
npm ERR!     /home/sandbox/.npm/_logs/2023-01-25T06_50_53_308Z-debug.log
